Using pre-set license
Built from '2022.3/staging' branch; Version is '2022.3.25f1 (530ae0ba3889) revision 5442272'; Using compiler version '192829333'; Build Type 'Release'
OS: 'Windows 10  (10.0.19045) 64bit CoreSingleLanguage' Language: 'en' Physical Memory: 16105 MB
BatchMode: 1, IsHumanControllingUs: 0, StartBugReporterOnCrash: 0, Is64bit: 1, IsPro: 1

COMMAND LINE ARGUMENTS:
C:\Program Files\Unity\Hub\Editor\2022.3.25f1\Editor\Unity.exe
-adb2
-batchMode
-noUpm
-name
AssetImportWorker2
-projectPath
D:/unitygame/Anime Tower Deffent
-logFile
Logs/AssetImportWorker2.log
-srvPort
60873
Successfully changed project path to: D:/unitygame/Anime Tower Deffent
D:/unitygame/Anime Tower Deffent
[UnityMemory] Configuration Parameters - Can be set up in boot.config
    "memorysetup-bucket-allocator-granularity=16"
    "memorysetup-bucket-allocator-bucket-count=8"
    "memorysetup-bucket-allocator-block-size=33554432"
    "memorysetup-bucket-allocator-block-count=8"
    "memorysetup-main-allocator-block-size=16777216"
    "memorysetup-thread-allocator-block-size=16777216"
    "memorysetup-gfx-main-allocator-block-size=16777216"
    "memorysetup-gfx-thread-allocator-block-size=16777216"
    "memorysetup-cache-allocator-block-size=4194304"
    "memorysetup-typetree-allocator-block-size=2097152"
    "memorysetup-profiler-bucket-allocator-granularity=16"
    "memorysetup-profiler-bucket-allocator-bucket-count=8"
    "memorysetup-profiler-bucket-allocator-block-size=33554432"
    "memorysetup-profiler-bucket-allocator-block-count=8"
    "memorysetup-profiler-allocator-block-size=16777216"
    "memorysetup-profiler-editor-allocator-block-size=1048576"
    "memorysetup-temp-allocator-size-main=16777216"
    "memorysetup-job-temp-allocator-block-size=2097152"
    "memorysetup-job-temp-allocator-block-size-background=1048576"
    "memorysetup-job-temp-allocator-reduction-small-platforms=262144"
    "memorysetup-allocator-temp-initial-block-size-main=262144"
    "memorysetup-allocator-temp-initial-block-size-worker=262144"
    "memorysetup-temp-allocator-size-background-worker=32768"
    "memorysetup-temp-allocator-size-job-worker=262144"
    "memorysetup-temp-allocator-size-preload-manager=33554432"
    "memorysetup-temp-allocator-size-nav-mesh-worker=65536"
    "memorysetup-temp-allocator-size-audio-worker=65536"
    "memorysetup-temp-allocator-size-cloud-worker=32768"
    "memorysetup-temp-allocator-size-gi-baking-worker=262144"
    "memorysetup-temp-allocator-size-gfx=262144"
Player connection [18652] Host "[IP] 10.22.185.14 [Port] 0 [Flags] 2 [Guid] 3097127516 [EditorId] 3097127516 [Version] 1048832 [Id] WindowsEditor(7,DESKTOP-JSOMMG5) [Debug] 1 [PackageName] WindowsEditor [ProjectName] Editor" joined multi-casting on [225.0.0.222:54997]...

Player connection [18652] Host "[IP] 10.22.185.14 [Port] 0 [Flags] 2 [Guid] 3097127516 [EditorId] 3097127516 [Version] 1048832 [Id] WindowsEditor(7,DESKTOP-JSOMMG5) [Debug] 1 [PackageName] WindowsEditor [ProjectName] Editor" joined alternative multi-casting on [225.0.0.222:34997]...

[Physics::Module] Initialized MultithreadedJobDispatcher with 11 workers.
Refreshing native plugins compatible for Editor in 9.42 ms, found 3 plugins.
Preloading 0 native plugins for Editor in 0.00 ms.
Initialize engine version: 2022.3.25f1 (530ae0ba3889)
[Subsystems] Discovering subsystems at path C:/Program Files/Unity/Hub/Editor/2022.3.25f1/Editor/Data/Resources/UnitySubsystems
[Subsystems] Discovering subsystems at path D:/unitygame/Anime Tower Deffent/Assets
GfxDevice: creating device client; threaded=0; jobified=0
Direct3D:
    Version:  Direct3D 11.0 [level 11.1]
    Renderer: NVIDIA GeForce RTX 3060 Laptop GPU (ID=0x2520)
    Vendor:   NVIDIA
    VRAM:     6023 MB
    Driver:   31.0.15.1720
Initialize mono
Mono path[0] = 'C:/Program Files/Unity/Hub/Editor/2022.3.25f1/Editor/Data/Managed'
Mono path[1] = 'C:/Program Files/Unity/Hub/Editor/2022.3.25f1/Editor/Data/MonoBleedingEdge/lib/mono/unityjit-win32'
Mono config path = 'C:/Program Files/Unity/Hub/Editor/2022.3.25f1/Editor/Data/MonoBleedingEdge/etc'
Using monoOptions --debugger-agent=transport=dt_socket,embedding=1,server=y,suspend=n,address=127.0.0.1:56724
Begin MonoManager ReloadAssembly
Registering precompiled unity dll's ...
Register platform support module: C:/Program Files/Unity/Hub/Editor/2022.3.25f1/Editor/Data/PlaybackEngines/WebGLSupport/UnityEditor.WebGL.Extensions.dll
Register platform support module: C:/Program Files/Unity/Hub/Editor/2022.3.25f1/Editor/Data/PlaybackEngines/WindowsStandaloneSupport/UnityEditor.WindowsStandalone.Extensions.dll
Registered in 0.015344 seconds.
- Loaded All Assemblies, in  0.603 seconds
Native extension for WindowsStandalone target not found
Native extension for WebGL target not found
Mono: successfully reloaded assembly
- Finished resetting the current domain, in  0.466 seconds
Domain Reload Profiling: 1068ms
	BeginReloadAssembly (163ms)
		ExecutionOrderSort (0ms)
		DisableScriptedObjects (0ms)
		BackupInstance (0ms)
		ReleaseScriptingObjects (0ms)
		CreateAndSetChildDomain (1ms)
	RebuildCommonClasses (77ms)
	RebuildNativeTypeToScriptingClass (20ms)
	initialDomainReloadingComplete (101ms)
	LoadAllAssembliesAndSetupDomain (240ms)
		LoadAssemblies (161ms)
		RebuildTransferFunctionScriptingTraits (0ms)
		AnalyzeDomain (236ms)
			TypeCache.Refresh (233ms)
				TypeCache.ScanAssembly (210ms)
			ScanForSourceGeneratedMonoScriptInfo (1ms)
			ResolveRequiredComponents (1ms)
	FinalizeReload (468ms)
		ReleaseScriptCaches (0ms)
		RebuildScriptCaches (0ms)
		SetupLoadedEditorAssemblies (370ms)
			LogAssemblyErrors (0ms)
			InitializePlatformSupportModulesInManaged (21ms)
			SetLoadedEditorAssemblies (9ms)
			RefreshPlugins (0ms)
			BeforeProcessingInitializeOnLoad (4ms)
			ProcessInitializeOnLoadAttributes (256ms)
			ProcessInitializeOnLoadMethodAttributes (80ms)
			AfterProcessingInitializeOnLoad (0ms)
			EditorAssembliesLoaded (0ms)
		ExecutionOrderSort2 (0ms)
		AwakeInstancesAfterBackupRestoration (0ms)
========================================================================
Worker process is ready to serve import requests
Begin MonoManager ReloadAssembly
- Loaded All Assemblies, in  1.019 seconds
Refreshing native plugins compatible for Editor in 2.95 ms, found 3 plugins.
Native extension for WindowsStandalone target not found
Native extension for WebGL target not found
Package Manager log level set to [2]
[Package Manager] Server::EnsureServerProcessIsRunning -- launch failed, reason: Unity was launched with the -noUpm command-line argument
[Package Manager] UpmClient::Send -- Unable to send message (not connected to UPM process).
[Package Manager] Cannot connect to Unity Package Manager local server
Mono: successfully reloaded assembly
- Finished resetting the current domain, in  0.956 seconds
Domain Reload Profiling: 1972ms
	BeginReloadAssembly (251ms)
		ExecutionOrderSort (0ms)
		DisableScriptedObjects (9ms)
		BackupInstance (0ms)
		ReleaseScriptingObjects (0ms)
		CreateAndSetChildDomain (37ms)
	RebuildCommonClasses (56ms)
	RebuildNativeTypeToScriptingClass (17ms)
	initialDomainReloadingComplete (71ms)
	LoadAllAssembliesAndSetupDomain (621ms)
		LoadAssemblies (473ms)
		RebuildTransferFunctionScriptingTraits (0ms)
		AnalyzeDomain (289ms)
			TypeCache.Refresh (252ms)
				TypeCache.ScanAssembly (229ms)
			ScanForSourceGeneratedMonoScriptInfo (27ms)
			ResolveRequiredComponents (8ms)
	FinalizeReload (956ms)
		ReleaseScriptCaches (0ms)
		RebuildScriptCaches (0ms)
		SetupLoadedEditorAssemblies (706ms)
			LogAssemblyErrors (0ms)
			InitializePlatformSupportModulesInManaged (10ms)
			SetLoadedEditorAssemblies (7ms)
			RefreshPlugins (0ms)
			BeforeProcessingInitializeOnLoad (91ms)
			ProcessInitializeOnLoadAttributes (548ms)
			ProcessInitializeOnLoadMethodAttributes (36ms)
			AfterProcessingInitializeOnLoad (13ms)
			EditorAssembliesLoaded (0ms)
		ExecutionOrderSort2 (0ms)
		AwakeInstancesAfterBackupRestoration (11ms)
Launched and connected shader compiler UnityShaderCompiler.exe after 0.07 seconds
Refreshing native plugins compatible for Editor in 2.85 ms, found 3 plugins.
Preloading 0 native plugins for Editor in 0.00 ms.
Unloading 3107 Unused Serialized files (Serialized files now loaded: 0)
Unloading 32 unused Assets / (57.3 KB). Loaded Objects now: 3570.
Memory consumption went from 121.8 MB to 121.7 MB.
Total: 8.882000 ms (FindLiveObjects: 0.541800 ms CreateObjectMapping: 0.371700 ms MarkObjects: 7.752500 ms  DeleteObjects: 0.214000 ms)

AssetImportParameters requested are different than current active one (requested -> active):
  custom:container-demuxer-ogg: 62fdf1f143b41e24485cea50d1cbac27 -> 
  custom:video-decoder-ogg-theora: a1e56fd34408186e4bbccfd4996cb3dc -> 
  custom:framework-win-MediaFoundation: 216162199b28c13a410421893ffa2e32 -> 
  custom:CustomObjectIndexerAttribute: 9a22284fe3817be447336de3de66b15e -> 
  custom:container-demuxer-webm: 4f35f7cbe854078d1ac9338744f61a02 -> 
  custom:container-muxer-webm: aa71ff27fc2769a1b78a27578f13a17b -> 
  custom:video-decoder-webm-vp8: 9c59270c3fd7afecdb556c50c9e8de78 -> 
  custom:SearchIndexIgnoredProperties: e643bd26f0fe6173181afceb89e7c659 -> 
  custom:AudioImporter_EditorPlatform: d09bf68614088b80899f8185d706f6e7 -> 
  custom:video-encoder-webm-vp8: eb34c28f22e8b96e1ab97ce403110664 -> 
  custom:audio-decoder-ogg-vorbis: bf7c407c2cedff20999df2af8eb42d56 -> 
  custom:audio-encoder-webm-vorbis: bf7c407c2cedff20999df2af8eb42d56 -> 
========================================================================
Received Import Request.
  Time since last request: 153727.767162 seconds.
  path: Assets/MAritate/rooad.mat
  artifactKey: Guid(e7064b30dc01ba54da01653f98b9ca10) Importer(2089858483,0ecaa5967403d082aa24f35e1b516d23)
Start importing Assets/MAritate/rooad.mat using Guid(e7064b30dc01ba54da01653f98b9ca10) Importer(2089858483,0ecaa5967403d082aa24f35e1b516d23)  -> (artifact id: '45b8d63ddf57aa8e46adbaea09ac0078') in 0.217394 seconds
Number of updated asset objects reloaded before import = 0
Number of asset objects unloaded after import = 1
========================================================================
Received Import Request.
  Time since last request: 0.000034 seconds.
  path: Assets/MAritate/sTART.mat
  artifactKey: Guid(cf1a6a95037455d4c8c7b030f0d4f160) Importer(2089858483,0ecaa5967403d082aa24f35e1b516d23)
Start importing Assets/MAritate/sTART.mat using Guid(cf1a6a95037455d4c8c7b030f0d4f160) Importer(2089858483,0ecaa5967403d082aa24f35e1b516d23)  -> (artifact id: '75b49988720d988bd6bb4622b088fa74') in 0.024672 seconds
Number of updated asset objects reloaded before import = 0
Number of asset objects unloaded after import = 1
========================================================================
Received Import Request.
  Time since last request: 0.000089 seconds.
  path: Assets/Font/Roboto-Italic.ttf
  artifactKey: Guid(eb704c1d4fba70242898742c6c8fe709) Importer(2089858483,0ecaa5967403d082aa24f35e1b516d23)
Start importing Assets/Font/Roboto-Italic.ttf using Guid(eb704c1d4fba70242898742c6c8fe709) Importer(2089858483,0ecaa5967403d082aa24f35e1b516d23)  -> (artifact id: 'f4074f2f86c3ede8d3909fd57b02d882') in 0.062708 seconds
Number of updated asset objects reloaded before import = 0
Number of asset objects unloaded after import = 3
========================================================================
Received Import Request.
  Time since last request: 0.000034 seconds.
  path: Assets/Prefabs/datada.prefab
  artifactKey: Guid(7aa9e1d100de00149a58709540952bbd) Importer(2089858483,0ecaa5967403d082aa24f35e1b516d23)
Start importing Assets/Prefabs/datada.prefab using Guid(7aa9e1d100de00149a58709540952bbd) Importer(2089858483,0ecaa5967403d082aa24f35e1b516d23)  -> (artifact id: 'da746269960e7cb4a3e87227ac6a6fae') in 0.193692 seconds
Number of updated asset objects reloaded before import = 0
Number of asset objects unloaded after import = 6
========================================================================
Received Import Request.
  Time since last request: 0.000034 seconds.
  path: Assets/Prefabs/shopbuuton.prefab
  artifactKey: Guid(1a4dd09d9a198c94e807bf9da031ef8a) Importer(2089858483,0ecaa5967403d082aa24f35e1b516d23)
Start importing Assets/Prefabs/shopbuuton.prefab using Guid(1a4dd09d9a198c94e807bf9da031ef8a) Importer(2089858483,0ecaa5967403d082aa24f35e1b516d23)  -> (artifact id: 'd787af533e17733c658bb67ef538c625') in 0.102635 seconds
Number of updated asset objects reloaded before import = 0
Number of asset objects unloaded after import = 12
========================================================================
Received Import Request.
  Time since last request: 0.000032 seconds.
  path: Assets/Prefabs/MissileLauncherIcon.png
  artifactKey: Guid(4a9df7ac5a000454c9876d9ddf580e54) Importer(2089858483,0ecaa5967403d082aa24f35e1b516d23)
Start importing Assets/Prefabs/MissileLauncherIcon.png using Guid(4a9df7ac5a000454c9876d9ddf580e54) Importer(2089858483,0ecaa5967403d082aa24f35e1b516d23)  -> (artifact id: '43dcee86696fcee4dfe7f1cfb7f5ab60') in 0.107655 seconds
Number of updated asset objects reloaded before import = 0
Number of asset objects unloaded after import = 3
========================================================================
Received Import Request.
  Time since last request: 0.000024 seconds.
  path: Assets/Prefabs/gun/StanderTurret.prefab
  artifactKey: Guid(9020e88d17944d1429f432cadde4d8fd) Importer(2089858483,0ecaa5967403d082aa24f35e1b516d23)
Start importing Assets/Prefabs/gun/StanderTurret.prefab using Guid(9020e88d17944d1429f432cadde4d8fd) Importer(2089858483,0ecaa5967403d082aa24f35e1b516d23)  -> (artifact id: 'aff4a4b5446745ee54278e2dc32646ec') in 0.031708 seconds
Number of updated asset objects reloaded before import = 0
Number of asset objects unloaded after import = 31
========================================================================
Received Import Request.
  Time since last request: 0.000031 seconds.
  path: Assets/CODE/Liver UI.cs
  artifactKey: Guid(f75f655f815446c43aa3526048be2d84) Importer(2089858483,0ecaa5967403d082aa24f35e1b516d23)
Start importing Assets/CODE/Liver UI.cs using Guid(f75f655f815446c43aa3526048be2d84) Importer(2089858483,0ecaa5967403d082aa24f35e1b516d23)  -> (artifact id: '4353a0346bf4be7a21e62192f61b87cd') in 0.019065 seconds
Number of updated asset objects reloaded before import = 0
Number of asset objects unloaded after import = 1
========================================================================
Received Import Request.
  Time since last request: 0.000036 seconds.
  path: Assets/Font/Roboto-Bold.ttf
  artifactKey: Guid(de21aca84d9af4a4bbb3d43b78d55a03) Importer(2089858483,0ecaa5967403d082aa24f35e1b516d23)
Start importing Assets/Font/Roboto-Bold.ttf using Guid(de21aca84d9af4a4bbb3d43b78d55a03) Importer(2089858483,0ecaa5967403d082aa24f35e1b516d23)  -> (artifact id: '7c4887c429e84c536cf0ac839bbefcb2') in 0.040724 seconds
Number of updated asset objects reloaded before import = 0
Number of asset objects unloaded after import = 3
========================================================================
Received Import Request.
  Time since last request: 0.000027 seconds.
  path: Assets/CODE/Bullet.cs
  artifactKey: Guid(10105d4309924c844a71b16b2c7b6886) Importer(2089858483,0ecaa5967403d082aa24f35e1b516d23)
Start importing Assets/CODE/Bullet.cs using Guid(10105d4309924c844a71b16b2c7b6886) Importer(2089858483,0ecaa5967403d082aa24f35e1b516d23)  -> (artifact id: 'd068c6503e9c281f00da4430449e1ec3') in 0.022061 seconds
Number of updated asset objects reloaded before import = 0
Number of asset objects unloaded after import = 1
========================================================================
Received Import Request.
  Time since last request: 0.000034 seconds.
  path: Assets/tải xuống.png
  artifactKey: Guid(1738dce560c86654e8d4798f6582834a) Importer(2089858483,0ecaa5967403d082aa24f35e1b516d23)
Start importing Assets/tải xuống.png using Guid(1738dce560c86654e8d4798f6582834a) Importer(2089858483,0ecaa5967403d082aa24f35e1b516d23)  -> (artifact id: '6d2fa4235aa8199a9bdaec5e3f5dd489') in 0.038986 seconds
Number of updated asset objects reloaded before import = 0
Number of asset objects unloaded after import = 3
========================================================================
Received Import Request.
  Time since last request: 0.000024 seconds.
  path: Assets/animation/lightgun.anim
  artifactKey: Guid(cde80fa7c500b3e448f96f4f62addb28) Importer(2089858483,0ecaa5967403d082aa24f35e1b516d23)
Start importing Assets/animation/lightgun.anim using Guid(cde80fa7c500b3e448f96f4f62addb28) Importer(2089858483,0ecaa5967403d082aa24f35e1b516d23)  -> (artifact id: '9f3ee6de5c4a494c717a7a05be2d9848') in 0.033231 seconds
Number of updated asset objects reloaded before import = 0
Number of asset objects unloaded after import = 1
========================================================================
Received Import Request.
  Time since last request: 0.000044 seconds.
  path: Assets/Prefabs/noto.prefab
  artifactKey: Guid(17b81403003e2b543b5f210ba087531b) Importer(2089858483,0ecaa5967403d082aa24f35e1b516d23)
Start importing Assets/Prefabs/noto.prefab using Guid(17b81403003e2b543b5f210ba087531b) Importer(2089858483,0ecaa5967403d082aa24f35e1b516d23)  -> (artifact id: '6567bce9600f472afe40de13042b99e9') in 0.047579 seconds
Number of updated asset objects reloaded before import = 0
Number of asset objects unloaded after import = 14
========================================================================
Received Import Request.
  Time since last request: 9.626696 seconds.
  path: Assets/CODE/Build Manager.cs
  artifactKey: Guid(fef5f9904cca8934c8c4a1d7a86087b6) Importer(815301076,1909f56bfc062723c751e8b465ee728b)
Start importing Assets/CODE/Build Manager.cs using Guid(fef5f9904cca8934c8c4a1d7a86087b6) Importer(815301076,1909f56bfc062723c751e8b465ee728b)  -> (artifact id: '5801a794cc5fb80eec50e34926a257b6') in 0.000805 seconds
Number of updated asset objects reloaded before import = 0
Number of asset objects unloaded after import = 0
