Using pre-set license
Built from '2022.3/staging' branch; Version is '2022.3.25f1 (530ae0ba3889) revision 5442272'; Using compiler version '192829333'; Build Type 'Release'
OS: 'Windows 10  (10.0.19045) 64bit CoreSingleLanguage' Language: 'en' Physical Memory: 16105 MB
BatchMode: 1, IsHumanControllingUs: 0, StartBugReporterOnCrash: 0, Is64bit: 1, IsPro: 1

COMMAND LINE ARGUMENTS:
C:\Program Files\Unity\Hub\Editor\2022.3.25f1\Editor\Unity.exe
-adb2
-batchMode
-noUpm
-name
AssetImportWorker0
-projectPath
D:/unitygame/Anime Tower Deffent
-logFile
Logs/AssetImportWorker0.log
-srvPort
60873
Successfully changed project path to: D:/unitygame/Anime Tower Deffent
D:/unitygame/Anime Tower Deffent
[UnityMemory] Configuration Parameters - Can be set up in boot.config
    "memorysetup-bucket-allocator-granularity=16"
    "memorysetup-bucket-allocator-bucket-count=8"
    "memorysetup-bucket-allocator-block-size=33554432"
    "memorysetup-bucket-allocator-block-count=8"
    "memorysetup-main-allocator-block-size=16777216"
    "memorysetup-thread-allocator-block-size=16777216"
    "memorysetup-gfx-main-allocator-block-size=16777216"
    "memorysetup-gfx-thread-allocator-block-size=16777216"
    "memorysetup-cache-allocator-block-size=4194304"
    "memorysetup-typetree-allocator-block-size=2097152"
    "memorysetup-profiler-bucket-allocator-granularity=16"
    "memorysetup-profiler-bucket-allocator-bucket-count=8"
    "memorysetup-profiler-bucket-allocator-block-size=33554432"
    "memorysetup-profiler-bucket-allocator-block-count=8"
    "memorysetup-profiler-allocator-block-size=16777216"
    "memorysetup-profiler-editor-allocator-block-size=1048576"
    "memorysetup-temp-allocator-size-main=16777216"
    "memorysetup-job-temp-allocator-block-size=2097152"
    "memorysetup-job-temp-allocator-block-size-background=1048576"
    "memorysetup-job-temp-allocator-reduction-small-platforms=262144"
    "memorysetup-allocator-temp-initial-block-size-main=262144"
    "memorysetup-allocator-temp-initial-block-size-worker=262144"
    "memorysetup-temp-allocator-size-background-worker=32768"
    "memorysetup-temp-allocator-size-job-worker=262144"
    "memorysetup-temp-allocator-size-preload-manager=33554432"
    "memorysetup-temp-allocator-size-nav-mesh-worker=65536"
    "memorysetup-temp-allocator-size-audio-worker=65536"
    "memorysetup-temp-allocator-size-cloud-worker=32768"
    "memorysetup-temp-allocator-size-gi-baking-worker=262144"
    "memorysetup-temp-allocator-size-gfx=262144"
Player connection [19096] Host "[IP] 10.22.185.14 [Port] 0 [Flags] 2 [Guid] 1563978368 [EditorId] 1563978368 [Version] 1048832 [Id] WindowsEditor(7,DESKTOP-JSOMMG5) [Debug] 1 [PackageName] WindowsEditor [ProjectName] Editor" joined multi-casting on [225.0.0.222:54997]...

Player connection [19096] Host "[IP] 10.22.185.14 [Port] 0 [Flags] 2 [Guid] 1563978368 [EditorId] 1563978368 [Version] 1048832 [Id] WindowsEditor(7,DESKTOP-JSOMMG5) [Debug] 1 [PackageName] WindowsEditor [ProjectName] Editor" joined alternative multi-casting on [225.0.0.222:34997]...

[Physics::Module] Initialized MultithreadedJobDispatcher with 11 workers.
Refreshing native plugins compatible for Editor in 9.63 ms, found 3 plugins.
Preloading 0 native plugins for Editor in 0.00 ms.
Initialize engine version: 2022.3.25f1 (530ae0ba3889)
[Subsystems] Discovering subsystems at path C:/Program Files/Unity/Hub/Editor/2022.3.25f1/Editor/Data/Resources/UnitySubsystems
[Subsystems] Discovering subsystems at path D:/unitygame/Anime Tower Deffent/Assets
GfxDevice: creating device client; threaded=0; jobified=0
Direct3D:
    Version:  Direct3D 11.0 [level 11.1]
    Renderer: NVIDIA GeForce RTX 3060 Laptop GPU (ID=0x2520)
    Vendor:   NVIDIA
    VRAM:     6023 MB
    Driver:   31.0.15.1720
Initialize mono
Mono path[0] = 'C:/Program Files/Unity/Hub/Editor/2022.3.25f1/Editor/Data/Managed'
Mono path[1] = 'C:/Program Files/Unity/Hub/Editor/2022.3.25f1/Editor/Data/MonoBleedingEdge/lib/mono/unityjit-win32'
Mono config path = 'C:/Program Files/Unity/Hub/Editor/2022.3.25f1/Editor/Data/MonoBleedingEdge/etc'
Using monoOptions --debugger-agent=transport=dt_socket,embedding=1,server=y,suspend=n,address=127.0.0.1:56280
Begin MonoManager ReloadAssembly
Registering precompiled unity dll's ...
Register platform support module: C:/Program Files/Unity/Hub/Editor/2022.3.25f1/Editor/Data/PlaybackEngines/WebGLSupport/UnityEditor.WebGL.Extensions.dll
Register platform support module: C:/Program Files/Unity/Hub/Editor/2022.3.25f1/Editor/Data/PlaybackEngines/WindowsStandaloneSupport/UnityEditor.WindowsStandalone.Extensions.dll
Registered in 0.015906 seconds.
- Loaded All Assemblies, in  0.610 seconds
Native extension for WindowsStandalone target not found
Native extension for WebGL target not found
Mono: successfully reloaded assembly
- Finished resetting the current domain, in  0.466 seconds
Domain Reload Profiling: 1075ms
	BeginReloadAssembly (171ms)
		ExecutionOrderSort (0ms)
		DisableScriptedObjects (0ms)
		BackupInstance (0ms)
		ReleaseScriptingObjects (0ms)
		CreateAndSetChildDomain (1ms)
	RebuildCommonClasses (70ms)
	RebuildNativeTypeToScriptingClass (22ms)
	initialDomainReloadingComplete (100ms)
	LoadAllAssembliesAndSetupDomain (245ms)
		LoadAssemblies (169ms)
		RebuildTransferFunctionScriptingTraits (0ms)
		AnalyzeDomain (241ms)
			TypeCache.Refresh (239ms)
				TypeCache.ScanAssembly (212ms)
			ScanForSourceGeneratedMonoScriptInfo (1ms)
			ResolveRequiredComponents (1ms)
	FinalizeReload (467ms)
		ReleaseScriptCaches (0ms)
		RebuildScriptCaches (0ms)
		SetupLoadedEditorAssemblies (368ms)
			LogAssemblyErrors (0ms)
			InitializePlatformSupportModulesInManaged (18ms)
			SetLoadedEditorAssemblies (9ms)
			RefreshPlugins (0ms)
			BeforeProcessingInitializeOnLoad (5ms)
			ProcessInitializeOnLoadAttributes (256ms)
			ProcessInitializeOnLoadMethodAttributes (81ms)
			AfterProcessingInitializeOnLoad (0ms)
			EditorAssembliesLoaded (0ms)
		ExecutionOrderSort2 (0ms)
		AwakeInstancesAfterBackupRestoration (0ms)
========================================================================
Worker process is ready to serve import requests
Begin MonoManager ReloadAssembly
- Loaded All Assemblies, in  1.019 seconds
Refreshing native plugins compatible for Editor in 4.56 ms, found 3 plugins.
Native extension for WindowsStandalone target not found
Native extension for WebGL target not found
Package Manager log level set to [2]
[Package Manager] Server::EnsureServerProcessIsRunning -- launch failed, reason: Unity was launched with the -noUpm command-line argument
[Package Manager] UpmClient::Send -- Unable to send message (not connected to UPM process).
[Package Manager] Cannot connect to Unity Package Manager local server
Mono: successfully reloaded assembly
- Finished resetting the current domain, in  0.950 seconds
Domain Reload Profiling: 1968ms
	BeginReloadAssembly (243ms)
		ExecutionOrderSort (0ms)
		DisableScriptedObjects (10ms)
		BackupInstance (0ms)
		ReleaseScriptingObjects (0ms)
		CreateAndSetChildDomain (36ms)
	RebuildCommonClasses (69ms)
	RebuildNativeTypeToScriptingClass (17ms)
	initialDomainReloadingComplete (69ms)
	LoadAllAssembliesAndSetupDomain (620ms)
		LoadAssemblies (459ms)
		RebuildTransferFunctionScriptingTraits (0ms)
		AnalyzeDomain (294ms)
			TypeCache.Refresh (256ms)
				TypeCache.ScanAssembly (229ms)
			ScanForSourceGeneratedMonoScriptInfo (26ms)
			ResolveRequiredComponents (9ms)
	FinalizeReload (950ms)
		ReleaseScriptCaches (0ms)
		RebuildScriptCaches (0ms)
		SetupLoadedEditorAssemblies (703ms)
			LogAssemblyErrors (0ms)
			InitializePlatformSupportModulesInManaged (9ms)
			SetLoadedEditorAssemblies (4ms)
			RefreshPlugins (0ms)
			BeforeProcessingInitializeOnLoad (95ms)
			ProcessInitializeOnLoadAttributes (545ms)
			ProcessInitializeOnLoadMethodAttributes (36ms)
			AfterProcessingInitializeOnLoad (14ms)
			EditorAssembliesLoaded (0ms)
		ExecutionOrderSort2 (0ms)
		AwakeInstancesAfterBackupRestoration (11ms)
Launched and connected shader compiler UnityShaderCompiler.exe after 0.07 seconds
Refreshing native plugins compatible for Editor in 3.47 ms, found 3 plugins.
Preloading 0 native plugins for Editor in 0.00 ms.
Unloading 3107 Unused Serialized files (Serialized files now loaded: 0)
Unloading 32 unused Assets / (56.9 KB). Loaded Objects now: 3570.
Memory consumption went from 121.8 MB to 121.8 MB.
Total: 13.658100 ms (FindLiveObjects: 0.799200 ms CreateObjectMapping: 0.473800 ms MarkObjects: 12.200900 ms  DeleteObjects: 0.179100 ms)

AssetImportParameters requested are different than current active one (requested -> active):
  custom:container-demuxer-ogg: 62fdf1f143b41e24485cea50d1cbac27 -> 
  custom:video-decoder-ogg-theora: a1e56fd34408186e4bbccfd4996cb3dc -> 
  custom:framework-win-MediaFoundation: 216162199b28c13a410421893ffa2e32 -> 
  custom:CustomObjectIndexerAttribute: 9a22284fe3817be447336de3de66b15e -> 
  custom:container-demuxer-webm: 4f35f7cbe854078d1ac9338744f61a02 -> 
  custom:container-muxer-webm: aa71ff27fc2769a1b78a27578f13a17b -> 
  custom:video-decoder-webm-vp8: 9c59270c3fd7afecdb556c50c9e8de78 -> 
  custom:SearchIndexIgnoredProperties: e643bd26f0fe6173181afceb89e7c659 -> 
  custom:AudioImporter_EditorPlatform: d09bf68614088b80899f8185d706f6e7 -> 
  custom:video-encoder-webm-vp8: eb34c28f22e8b96e1ab97ce403110664 -> 
  custom:audio-decoder-ogg-vorbis: bf7c407c2cedff20999df2af8eb42d56 -> 
  custom:audio-encoder-webm-vorbis: bf7c407c2cedff20999df2af8eb42d56 -> 
========================================================================
Received Import Request.
  Time since last request: 153727.768841 seconds.
  path: Assets/Prefabs/Missile Launcher.fbx
  artifactKey: Guid(0bb4df577b6c1eb4883417e187fe8f03) Importer(2089858483,0ecaa5967403d082aa24f35e1b516d23)
Start importing Assets/Prefabs/Missile Launcher.fbx using Guid(0bb4df577b6c1eb4883417e187fe8f03) Importer(2089858483,0ecaa5967403d082aa24f35e1b516d23)  -> (artifact id: '4b082d7cb222778d8a62da0be78b9f00') in 0.285200 seconds
Number of updated asset objects reloaded before import = 0
Number of asset objects unloaded after import = 23
========================================================================
Received Import Request.
  Time since last request: 0.000041 seconds.
  path: Assets/Font/Roboto-MediumItalic.ttf
  artifactKey: Guid(bbb569b398e72204d9bf5996447f8c1c) Importer(2089858483,0ecaa5967403d082aa24f35e1b516d23)
Start importing Assets/Font/Roboto-MediumItalic.ttf using Guid(bbb569b398e72204d9bf5996447f8c1c) Importer(2089858483,0ecaa5967403d082aa24f35e1b516d23)  -> (artifact id: '5d61bbdab2e8b266c4b6c260e9e7d6d2') in 0.057657 seconds
Number of updated asset objects reloaded before import = 0
Number of asset objects unloaded after import = 3
========================================================================
Received Import Request.
  Time since last request: 0.000038 seconds.
  path: Assets/Font/Roboto-LightItalic.ttf
  artifactKey: Guid(f834a9c2c87ce484886fc37d94492f6b) Importer(2089858483,0ecaa5967403d082aa24f35e1b516d23)
Start importing Assets/Font/Roboto-LightItalic.ttf using Guid(f834a9c2c87ce484886fc37d94492f6b) Importer(2089858483,0ecaa5967403d082aa24f35e1b516d23)  -> (artifact id: '7d0b34f4fc825a9db5311af16816d4ee') in 0.030840 seconds
Number of updated asset objects reloaded before import = 0
Number of asset objects unloaded after import = 3
========================================================================
Received Import Request.
  Time since last request: 0.000029 seconds.
  path: Assets/Font/Roboto-Medium.ttf
  artifactKey: Guid(393500eb42ff98c4c968dad75dcce605) Importer(2089858483,0ecaa5967403d082aa24f35e1b516d23)
Start importing Assets/Font/Roboto-Medium.ttf using Guid(393500eb42ff98c4c968dad75dcce605) Importer(2089858483,0ecaa5967403d082aa24f35e1b516d23)  -> (artifact id: 'c197d9e6ab3a68dcb8f90a7100c5d531') in 0.042998 seconds
Number of updated asset objects reloaded before import = 0
Number of asset objects unloaded after import = 3
========================================================================
Received Import Request.
  Time since last request: 0.000036 seconds.
  path: Assets/CODE/Build Manager.cs
  artifactKey: Guid(fef5f9904cca8934c8c4a1d7a86087b6) Importer(2089858483,0ecaa5967403d082aa24f35e1b516d23)
Start importing Assets/CODE/Build Manager.cs using Guid(fef5f9904cca8934c8c4a1d7a86087b6) Importer(2089858483,0ecaa5967403d082aa24f35e1b516d23)  -> (artifact id: '9acbd39f002429a74da0828aa6dbe19d') in 0.025606 seconds
Number of updated asset objects reloaded before import = 0
Number of asset objects unloaded after import = 1
========================================================================
Received Import Request.
  Time since last request: 0.000074 seconds.
  path: Assets/CODE/Node.cs
  artifactKey: Guid(194aa18c455b52149a5a9227a91cd747) Importer(2089858483,0ecaa5967403d082aa24f35e1b516d23)
Start importing Assets/CODE/Node.cs using Guid(194aa18c455b52149a5a9227a91cd747) Importer(2089858483,0ecaa5967403d082aa24f35e1b516d23)  -> (artifact id: 'f16eb9fdbd3d47f9d07be7e7852b473d') in 0.021380 seconds
Number of updated asset objects reloaded before import = 0
Number of asset objects unloaded after import = 1
========================================================================
Received Import Request.
  Time since last request: 0.000034 seconds.
  path: Assets/Font/Roboto-ThinItalic.ttf
  artifactKey: Guid(63509d21daa7dda4593b936d3a887c61) Importer(2089858483,0ecaa5967403d082aa24f35e1b516d23)
Start importing Assets/Font/Roboto-ThinItalic.ttf using Guid(63509d21daa7dda4593b936d3a887c61) Importer(2089858483,0ecaa5967403d082aa24f35e1b516d23)  -> (artifact id: '9c3ad02523985610f42aa0eac0025d3b') in 0.039673 seconds
Number of updated asset objects reloaded before import = 0
Number of asset objects unloaded after import = 3
========================================================================
Received Import Request.
  Time since last request: 0.000035 seconds.
  path: Assets/Prefabs/Turret.fbx
  artifactKey: Guid(85edecb223595fe4690f2116fd3cd1ff) Importer(2089858483,0ecaa5967403d082aa24f35e1b516d23)
Start importing Assets/Prefabs/Turret.fbx using Guid(85edecb223595fe4690f2116fd3cd1ff) Importer(2089858483,0ecaa5967403d082aa24f35e1b516d23)  -> (artifact id: '9c467e27fcc36f8768b8d52ada4b1a6a') in 0.048693 seconds
Number of updated asset objects reloaded before import = 0
Number of asset objects unloaded after import = 17
========================================================================
Received Import Request.
  Time since last request: 0.000068 seconds.
  path: Assets/Prefabs/gun/bullet.prefab
  artifactKey: Guid(dfdd5d2bb09e6f743ab7d3e755bd4ae4) Importer(2089858483,0ecaa5967403d082aa24f35e1b516d23)
Start importing Assets/Prefabs/gun/bullet.prefab using Guid(dfdd5d2bb09e6f743ab7d3e755bd4ae4) Importer(2089858483,0ecaa5967403d082aa24f35e1b516d23)  -> (artifact id: 'e47765c6e991e5dad327eb080a6ce189') in 0.074834 seconds
Number of updated asset objects reloaded before import = 0
Number of asset objects unloaded after import = 13
========================================================================
Received Import Request.
  Time since last request: 0.000020 seconds.
  path: Assets/animation/gunlight.anim
  artifactKey: Guid(b771bbd6a5d9d7e42b48f7f7d2c1f755) Importer(2089858483,0ecaa5967403d082aa24f35e1b516d23)
Start importing Assets/animation/gunlight.anim using Guid(b771bbd6a5d9d7e42b48f7f7d2c1f755) Importer(2089858483,0ecaa5967403d082aa24f35e1b516d23)  -> (artifact id: '0722c9392999c4fe80672bff234bd06e') in 0.040092 seconds
Number of updated asset objects reloaded before import = 0
Number of asset objects unloaded after import = 1
========================================================================
Received Import Request.
  Time since last request: 0.000022 seconds.
  path: Assets/MAritate/Black.mat
  artifactKey: Guid(67dec51f61d8aa442ab4d641ee60b2f8) Importer(2089858483,0ecaa5967403d082aa24f35e1b516d23)
Start importing Assets/MAritate/Black.mat using Guid(67dec51f61d8aa442ab4d641ee60b2f8) Importer(2089858483,0ecaa5967403d082aa24f35e1b516d23)  -> (artifact id: 'ec509ddbb5d8a9ce252e64a0d17d3dfa') in 0.024372 seconds
Number of updated asset objects reloaded before import = 0
Number of asset objects unloaded after import = 1
========================================================================
Received Import Request.
  Time since last request: 0.000028 seconds.
  path: Assets/CODE/Cameracontrol.cs
  artifactKey: Guid(d1438884590be704083a21987985624f) Importer(2089858483,0ecaa5967403d082aa24f35e1b516d23)
Start importing Assets/CODE/Cameracontrol.cs using Guid(d1438884590be704083a21987985624f) Importer(2089858483,0ecaa5967403d082aa24f35e1b516d23)  -> (artifact id: 'd461d2b2000f3bde67fdadabc3113e31') in 0.021890 seconds
Number of updated asset objects reloaded before import = 0
Number of asset objects unloaded after import = 1
========================================================================
Received Import Request.
  Time since last request: 0.000021 seconds.
  path: Assets/CODE/TuretBluesprint.cs
  artifactKey: Guid(52977cc1b5abcd94690d9c08f997a52e) Importer(2089858483,0ecaa5967403d082aa24f35e1b516d23)
Start importing Assets/CODE/TuretBluesprint.cs using Guid(52977cc1b5abcd94690d9c08f997a52e) Importer(2089858483,0ecaa5967403d082aa24f35e1b516d23)  -> (artifact id: '69bb55a355fc7eafdde12992d68f248d') in 0.019029 seconds
Number of updated asset objects reloaded before import = 0
Number of asset objects unloaded after import = 1
========================================================================
Received Import Request.
  Time since last request: 0.000073 seconds.
  path: Assets/animation/Light.controller
  artifactKey: Guid(f073df1df70ad864a94a30e9fb675189) Importer(2089858483,0ecaa5967403d082aa24f35e1b516d23)
Start importing Assets/animation/Light.controller using Guid(f073df1df70ad864a94a30e9fb675189) Importer(2089858483,0ecaa5967403d082aa24f35e1b516d23)  -> (artifact id: '9fe7fdc1b05b02cd0fd4cdc318ff7328') in 0.030684 seconds
Number of updated asset objects reloaded before import = 0
Number of asset objects unloaded after import = 4
========================================================================
Received Import Request.
  Time since last request: 0.000029 seconds.
  path: Assets/Prefabs/Node.prefab
  artifactKey: Guid(c5459356102bfa746848a04e6d1578d9) Importer(2089858483,0ecaa5967403d082aa24f35e1b516d23)
Start importing Assets/Prefabs/Node.prefab using Guid(c5459356102bfa746848a04e6d1578d9) Importer(2089858483,0ecaa5967403d082aa24f35e1b516d23)  -> (artifact id: 'eba436554422000dbd03857ae9a53062') in 0.041177 seconds
Number of updated asset objects reloaded before import = 0
Number of asset objects unloaded after import = 8
========================================================================
Received Import Request.
  Time since last request: 0.000043 seconds.
  path: Assets/animation/Light 1.controller
  artifactKey: Guid(a8d205a9c07a87040b69fa9ee76b73d9) Importer(2089858483,0ecaa5967403d082aa24f35e1b516d23)
Start importing Assets/animation/Light 1.controller using Guid(a8d205a9c07a87040b69fa9ee76b73d9) Importer(2089858483,0ecaa5967403d082aa24f35e1b516d23)  -> (artifact id: '94ae397b77f2594f3ae4277179e27a7d') in 0.018385 seconds
Number of updated asset objects reloaded before import = 0
Number of asset objects unloaded after import = 4
========================================================================
Received Import Request.
  Time since last request: 0.000026 seconds.
  path: Assets/CODE/Turret.cs
  artifactKey: Guid(368223518b712e24799552755a8f44df) Importer(2089858483,0ecaa5967403d082aa24f35e1b516d23)
Start importing Assets/CODE/Turret.cs using Guid(368223518b712e24799552755a8f44df) Importer(2089858483,0ecaa5967403d082aa24f35e1b516d23)  -> (artifact id: '04b53e328dc162f13ba4161cb80aa9f5') in 0.020724 seconds
Number of updated asset objects reloaded before import = 0
Number of asset objects unloaded after import = 1
========================================================================
Received Import Request.
  Time since last request: 0.000021 seconds.
  path: Assets/CODE/Player Stats.cs
  artifactKey: Guid(0d6ea383f50d86f41b0c471d3281043f) Importer(2089858483,0ecaa5967403d082aa24f35e1b516d23)
Start importing Assets/CODE/Player Stats.cs using Guid(0d6ea383f50d86f41b0c471d3281043f) Importer(2089858483,0ecaa5967403d082aa24f35e1b516d23)  -> (artifact id: 'f640d0ac62351b5882ec38e8245c3c7e') in 0.019720 seconds
Number of updated asset objects reloaded before import = 0
Number of asset objects unloaded after import = 1
========================================================================
Received Import Request.
  Time since last request: 0.000026 seconds.
  path: Assets/Prefabs/gun/gun2.prefab
  artifactKey: Guid(b053b6ff10c92a64a94393119dc46c2c) Importer(2089858483,0ecaa5967403d082aa24f35e1b516d23)
Start importing Assets/Prefabs/gun/gun2.prefab using Guid(b053b6ff10c92a64a94393119dc46c2c) Importer(2089858483,0ecaa5967403d082aa24f35e1b516d23)  -> (artifact id: '2e1050f252393462bb9dcdc100d79ecc') in 0.029944 seconds
Number of updated asset objects reloaded before import = 0
Number of asset objects unloaded after import = 45
